<?xml version="1.0" encoding="UTF-8"?>
<testsuite xmlns:xsi="http://www.w3.org/2001/XMLSchema-instance" xsi:noNamespaceSchemaLocation="https://maven.apache.org/surefire/maven-surefire-plugin/xsd/surefire-test-report.xsd" name="com.mtm.olx.MtmComercioServicesApplicationTests" time="12.544" tests="1" errors="0" skipped="0" failures="0">
  <properties>
    <property name="gopherProxySet" value="false"/>
    <property name="awt.toolkit" value="sun.lwawt.macosx.LWCToolkit"/>
    <property name="file.encoding.pkg" value="sun.io"/>
    <property name="java.specification.version" value="1.8"/>
    <property name="sun.cpu.isalist" value=""/>
    <property name="sun.jnu.encoding" value="UTF-8"/>
    <property name="java.class.path" value="/Volumes/Secundario-HD/W-findur/mtm-comercio-services/target/test-classes:/Volumes/Secundario-HD/W-findur/mtm-comercio-services/target/classes:/Users/jasiellp/.m2/repository/org/springframework/boot/spring-boot-starter-web/2.1.0.BUILD-SNAPSHOT/spring-boot-starter-web-2.1.0.BUILD-SNAPSHOT.jar:/Users/jasiellp/.m2/repository/org/springframework/boot/spring-boot-starter/2.1.0.BUILD-SNAPSHOT/spring-boot-starter-2.1.0.BUILD-SNAPSHOT.jar:/Users/jasiellp/.m2/repository/org/springframework/boot/spring-boot/2.1.0.BUILD-SNAPSHOT/spring-boot-2.1.0.BUILD-SNAPSHOT.jar:/Users/jasiellp/.m2/repository/org/springframework/boot/spring-boot-autoconfigure/2.1.0.BUILD-SNAPSHOT/spring-boot-autoconfigure-2.1.0.BUILD-SNAPSHOT.jar:/Users/jasiellp/.m2/repository/org/springframework/boot/spring-boot-starter-logging/2.1.0.BUILD-SNAPSHOT/spring-boot-starter-logging-2.1.0.BUILD-SNAPSHOT.jar:/Users/jasiellp/.m2/repository/ch/qos/logback/logback-classic/1.2.3/logback-classic-1.2.3.jar:/Users/jasiellp/.m2/repository/ch/qos/logback/logback-core/1.2.3/logback-core-1.2.3.jar:/Users/jasiellp/.m2/repository/org/apache/logging/log4j/log4j-to-slf4j/2.11.0/log4j-to-slf4j-2.11.0.jar:/Users/jasiellp/.m2/repository/org/apache/logging/log4j/log4j-api/2.11.0/log4j-api-2.11.0.jar:/Users/jasiellp/.m2/repository/org/slf4j/jul-to-slf4j/1.7.25/jul-to-slf4j-1.7.25.jar:/Users/jasiellp/.m2/repository/javax/annotation/javax.annotation-api/1.3.2/javax.annotation-api-1.3.2.jar:/Users/jasiellp/.m2/repository/org/yaml/snakeyaml/1.21/snakeyaml-1.21.jar:/Users/jasiellp/.m2/repository/org/springframework/boot/spring-boot-starter-json/2.1.0.BUILD-SNAPSHOT/spring-boot-starter-json-2.1.0.BUILD-SNAPSHOT.jar:/Users/jasiellp/.m2/repository/com/fasterxml/jackson/core/jackson-databind/2.9.6/jackson-databind-2.9.6.jar:/Users/jasiellp/.m2/repository/com/fasterxml/jackson/core/jackson-annotations/2.9.0/jackson-annotations-2.9.0.jar:/Users/jasiellp/.m2/repository/com/fasterxml/jackson/core/jackson-core/2.9.6/jackson-core-2.9.6.jar:/Users/jasiellp/.m2/repository/com/fasterxml/jackson/datatype/jackson-datatype-jdk8/2.9.6/jackson-datatype-jdk8-2.9.6.jar:/Users/jasiellp/.m2/repository/com/fasterxml/jackson/datatype/jackson-datatype-jsr310/2.9.6/jackson-datatype-jsr310-2.9.6.jar:/Users/jasiellp/.m2/repository/com/fasterxml/jackson/module/jackson-module-parameter-names/2.9.6/jackson-module-parameter-names-2.9.6.jar:/Users/jasiellp/.m2/repository/org/springframework/boot/spring-boot-starter-tomcat/2.1.0.BUILD-SNAPSHOT/spring-boot-starter-tomcat-2.1.0.BUILD-SNAPSHOT.jar:/Users/jasiellp/.m2/repository/org/apache/tomcat/embed/tomcat-embed-core/9.0.10/tomcat-embed-core-9.0.10.jar:/Users/jasiellp/.m2/repository/org/apache/tomcat/embed/tomcat-embed-el/9.0.10/tomcat-embed-el-9.0.10.jar:/Users/jasiellp/.m2/repository/org/apache/tomcat/embed/tomcat-embed-websocket/9.0.10/tomcat-embed-websocket-9.0.10.jar:/Users/jasiellp/.m2/repository/org/hibernate/validator/hibernate-validator/6.0.10.Final/hibernate-validator-6.0.10.Final.jar:/Users/jasiellp/.m2/repository/javax/validation/validation-api/2.0.1.Final/validation-api-2.0.1.Final.jar:/Users/jasiellp/.m2/repository/org/jboss/logging/jboss-logging/3.3.2.Final/jboss-logging-3.3.2.Final.jar:/Users/jasiellp/.m2/repository/com/fasterxml/classmate/1.3.4/classmate-1.3.4.jar:/Users/jasiellp/.m2/repository/org/springframework/spring-web/5.1.0.BUILD-SNAPSHOT/spring-web-5.1.0.BUILD-SNAPSHOT.jar:/Users/jasiellp/.m2/repository/org/springframework/spring-beans/5.1.0.BUILD-SNAPSHOT/spring-beans-5.1.0.BUILD-SNAPSHOT.jar:/Users/jasiellp/.m2/repository/org/springframework/spring-webmvc/5.1.0.BUILD-SNAPSHOT/spring-webmvc-5.1.0.BUILD-SNAPSHOT.jar:/Users/jasiellp/.m2/repository/org/springframework/spring-aop/5.1.0.BUILD-SNAPSHOT/spring-aop-5.1.0.BUILD-SNAPSHOT.jar:/Users/jasiellp/.m2/repository/org/springframework/spring-context/5.1.0.BUILD-SNAPSHOT/spring-context-5.1.0.BUILD-SNAPSHOT.jar:/Users/jasiellp/.m2/repository/org/springframework/spring-expression/5.1.0.BUILD-SNAPSHOT/spring-expression-5.1.0.BUILD-SNAPSHOT.jar:/Users/jasiellp/.m2/repository/org/springframework/boot/spring-boot-starter-test/2.1.0.BUILD-SNAPSHOT/spring-boot-starter-test-2.1.0.BUILD-SNAPSHOT.jar:/Users/jasiellp/.m2/repository/org/springframework/boot/spring-boot-test/2.1.0.BUILD-SNAPSHOT/spring-boot-test-2.1.0.BUILD-SNAPSHOT.jar:/Users/jasiellp/.m2/repository/org/springframework/boot/spring-boot-test-autoconfigure/2.1.0.BUILD-SNAPSHOT/spring-boot-test-autoconfigure-2.1.0.BUILD-SNAPSHOT.jar:/Users/jasiellp/.m2/repository/com/jayway/jsonpath/json-path/2.4.0/json-path-2.4.0.jar:/Users/jasiellp/.m2/repository/net/minidev/json-smart/2.3/json-smart-2.3.jar:/Users/jasiellp/.m2/repository/net/minidev/accessors-smart/1.2/accessors-smart-1.2.jar:/Users/jasiellp/.m2/repository/org/ow2/asm/asm/5.0.4/asm-5.0.4.jar:/Users/jasiellp/.m2/repository/org/slf4j/slf4j-api/1.7.25/slf4j-api-1.7.25.jar:/Users/jasiellp/.m2/repository/junit/junit/4.12/junit-4.12.jar:/Users/jasiellp/.m2/repository/org/assertj/assertj-core/3.10.0/assertj-core-3.10.0.jar:/Users/jasiellp/.m2/repository/org/mockito/mockito-core/2.19.0/mockito-core-2.19.0.jar:/Users/jasiellp/.m2/repository/net/bytebuddy/byte-buddy/1.8.12/byte-buddy-1.8.12.jar:/Users/jasiellp/.m2/repository/net/bytebuddy/byte-buddy-agent/1.8.12/byte-buddy-agent-1.8.12.jar:/Users/jasiellp/.m2/repository/org/objenesis/objenesis/2.6/objenesis-2.6.jar:/Users/jasiellp/.m2/repository/org/hamcrest/hamcrest-core/1.3/hamcrest-core-1.3.jar:/Users/jasiellp/.m2/repository/org/hamcrest/hamcrest-library/1.3/hamcrest-library-1.3.jar:/Users/jasiellp/.m2/repository/org/skyscreamer/jsonassert/1.5.0/jsonassert-1.5.0.jar:/Users/jasiellp/.m2/repository/com/vaadin/external/google/android-json/0.0.20131108.vaadin1/android-json-0.0.20131108.vaadin1.jar:/Users/jasiellp/.m2/repository/org/springframework/spring-core/5.1.0.BUILD-SNAPSHOT/spring-core-5.1.0.BUILD-SNAPSHOT.jar:/Users/jasiellp/.m2/repository/org/springframework/spring-jcl/5.1.0.BUILD-SNAPSHOT/spring-jcl-5.1.0.BUILD-SNAPSHOT.jar:/Users/jasiellp/.m2/repository/org/springframework/spring-test/5.1.0.BUILD-SNAPSHOT/spring-test-5.1.0.BUILD-SNAPSHOT.jar:/Users/jasiellp/.m2/repository/org/xmlunit/xmlunit-core/2.6.0/xmlunit-core-2.6.0.jar:"/>
    <property name="java.vm.vendor" value="Oracle Corporation"/>
    <property name="sun.arch.data.model" value="64"/>
    <property name="java.vendor.url" value="http://java.oracle.com/"/>
    <property name="user.timezone" value=""/>
    <property name="java.vm.specification.version" value="1.8"/>
    <property name="os.name" value="Mac OS X"/>
    <property name="user.country" value="BR"/>
    <property name="sun.java.launcher" value="SUN_STANDARD"/>
    <property name="sun.boot.library.path" value="/Library/Java/JavaVirtualMachines/jdk1.8.0_161.jdk/Contents/Home/jre/lib"/>
    <property name="sun.java.command" value="/Volumes/Secundario-HD/W-findur/mtm-comercio-services/target/surefire/surefirebooter1244336769460890926.jar /Volumes/Secundario-HD/W-findur/mtm-comercio-services/target/surefire 2018-07-09T20-34-42_612-jvmRun1 surefire8643778137498624567tmp surefire_0352922662875785318tmp"/>
    <property name="http.nonProxyHosts" value="local|*.local|169.254/16|*.169.254/16"/>
    <property name="surefire.test.class.path" value="/Volumes/Secundario-HD/W-findur/mtm-comercio-services/target/test-classes:/Volumes/Secundario-HD/W-findur/mtm-comercio-services/target/classes:/Users/jasiellp/.m2/repository/org/springframework/boot/spring-boot-starter-web/2.1.0.BUILD-SNAPSHOT/spring-boot-starter-web-2.1.0.BUILD-SNAPSHOT.jar:/Users/jasiellp/.m2/repository/org/springframework/boot/spring-boot-starter/2.1.0.BUILD-SNAPSHOT/spring-boot-starter-2.1.0.BUILD-SNAPSHOT.jar:/Users/jasiellp/.m2/repository/org/springframework/boot/spring-boot/2.1.0.BUILD-SNAPSHOT/spring-boot-2.1.0.BUILD-SNAPSHOT.jar:/Users/jasiellp/.m2/repository/org/springframework/boot/spring-boot-autoconfigure/2.1.0.BUILD-SNAPSHOT/spring-boot-autoconfigure-2.1.0.BUILD-SNAPSHOT.jar:/Users/jasiellp/.m2/repository/org/springframework/boot/spring-boot-starter-logging/2.1.0.BUILD-SNAPSHOT/spring-boot-starter-logging-2.1.0.BUILD-SNAPSHOT.jar:/Users/jasiellp/.m2/repository/ch/qos/logback/logback-classic/1.2.3/logback-classic-1.2.3.jar:/Users/jasiellp/.m2/repository/ch/qos/logback/logback-core/1.2.3/logback-core-1.2.3.jar:/Users/jasiellp/.m2/repository/org/apache/logging/log4j/log4j-to-slf4j/2.11.0/log4j-to-slf4j-2.11.0.jar:/Users/jasiellp/.m2/repository/org/apache/logging/log4j/log4j-api/2.11.0/log4j-api-2.11.0.jar:/Users/jasiellp/.m2/repository/org/slf4j/jul-to-slf4j/1.7.25/jul-to-slf4j-1.7.25.jar:/Users/jasiellp/.m2/repository/javax/annotation/javax.annotation-api/1.3.2/javax.annotation-api-1.3.2.jar:/Users/jasiellp/.m2/repository/org/yaml/snakeyaml/1.21/snakeyaml-1.21.jar:/Users/jasiellp/.m2/repository/org/springframework/boot/spring-boot-starter-json/2.1.0.BUILD-SNAPSHOT/spring-boot-starter-json-2.1.0.BUILD-SNAPSHOT.jar:/Users/jasiellp/.m2/repository/com/fasterxml/jackson/core/jackson-databind/2.9.6/jackson-databind-2.9.6.jar:/Users/jasiellp/.m2/repository/com/fasterxml/jackson/core/jackson-annotations/2.9.0/jackson-annotations-2.9.0.jar:/Users/jasiellp/.m2/repository/com/fasterxml/jackson/core/jackson-core/2.9.6/jackson-core-2.9.6.jar:/Users/jasiellp/.m2/repository/com/fasterxml/jackson/datatype/jackson-datatype-jdk8/2.9.6/jackson-datatype-jdk8-2.9.6.jar:/Users/jasiellp/.m2/repository/com/fasterxml/jackson/datatype/jackson-datatype-jsr310/2.9.6/jackson-datatype-jsr310-2.9.6.jar:/Users/jasiellp/.m2/repository/com/fasterxml/jackson/module/jackson-module-parameter-names/2.9.6/jackson-module-parameter-names-2.9.6.jar:/Users/jasiellp/.m2/repository/org/springframework/boot/spring-boot-starter-tomcat/2.1.0.BUILD-SNAPSHOT/spring-boot-starter-tomcat-2.1.0.BUILD-SNAPSHOT.jar:/Users/jasiellp/.m2/repository/org/apache/tomcat/embed/tomcat-embed-core/9.0.10/tomcat-embed-core-9.0.10.jar:/Users/jasiellp/.m2/repository/org/apache/tomcat/embed/tomcat-embed-el/9.0.10/tomcat-embed-el-9.0.10.jar:/Users/jasiellp/.m2/repository/org/apache/tomcat/embed/tomcat-embed-websocket/9.0.10/tomcat-embed-websocket-9.0.10.jar:/Users/jasiellp/.m2/repository/org/hibernate/validator/hibernate-validator/6.0.10.Final/hibernate-validator-6.0.10.Final.jar:/Users/jasiellp/.m2/repository/javax/validation/validation-api/2.0.1.Final/validation-api-2.0.1.Final.jar:/Users/jasiellp/.m2/repository/org/jboss/logging/jboss-logging/3.3.2.Final/jboss-logging-3.3.2.Final.jar:/Users/jasiellp/.m2/repository/com/fasterxml/classmate/1.3.4/classmate-1.3.4.jar:/Users/jasiellp/.m2/repository/org/springframework/spring-web/5.1.0.BUILD-SNAPSHOT/spring-web-5.1.0.BUILD-SNAPSHOT.jar:/Users/jasiellp/.m2/repository/org/springframework/spring-beans/5.1.0.BUILD-SNAPSHOT/spring-beans-5.1.0.BUILD-SNAPSHOT.jar:/Users/jasiellp/.m2/repository/org/springframework/spring-webmvc/5.1.0.BUILD-SNAPSHOT/spring-webmvc-5.1.0.BUILD-SNAPSHOT.jar:/Users/jasiellp/.m2/repository/org/springframework/spring-aop/5.1.0.BUILD-SNAPSHOT/spring-aop-5.1.0.BUILD-SNAPSHOT.jar:/Users/jasiellp/.m2/repository/org/springframework/spring-context/5.1.0.BUILD-SNAPSHOT/spring-context-5.1.0.BUILD-SNAPSHOT.jar:/Users/jasiellp/.m2/repository/org/springframework/spring-expression/5.1.0.BUILD-SNAPSHOT/spring-expression-5.1.0.BUILD-SNAPSHOT.jar:/Users/jasiellp/.m2/repository/org/springframework/boot/spring-boot-starter-test/2.1.0.BUILD-SNAPSHOT/spring-boot-starter-test-2.1.0.BUILD-SNAPSHOT.jar:/Users/jasiellp/.m2/repository/org/springframework/boot/spring-boot-test/2.1.0.BUILD-SNAPSHOT/spring-boot-test-2.1.0.BUILD-SNAPSHOT.jar:/Users/jasiellp/.m2/repository/org/springframework/boot/spring-boot-test-autoconfigure/2.1.0.BUILD-SNAPSHOT/spring-boot-test-autoconfigure-2.1.0.BUILD-SNAPSHOT.jar:/Users/jasiellp/.m2/repository/com/jayway/jsonpath/json-path/2.4.0/json-path-2.4.0.jar:/Users/jasiellp/.m2/repository/net/minidev/json-smart/2.3/json-smart-2.3.jar:/Users/jasiellp/.m2/repository/net/minidev/accessors-smart/1.2/accessors-smart-1.2.jar:/Users/jasiellp/.m2/repository/org/ow2/asm/asm/5.0.4/asm-5.0.4.jar:/Users/jasiellp/.m2/repository/org/slf4j/slf4j-api/1.7.25/slf4j-api-1.7.25.jar:/Users/jasiellp/.m2/repository/junit/junit/4.12/junit-4.12.jar:/Users/jasiellp/.m2/repository/org/assertj/assertj-core/3.10.0/assertj-core-3.10.0.jar:/Users/jasiellp/.m2/repository/org/mockito/mockito-core/2.19.0/mockito-core-2.19.0.jar:/Users/jasiellp/.m2/repository/net/bytebuddy/byte-buddy/1.8.12/byte-buddy-1.8.12.jar:/Users/jasiellp/.m2/repository/net/bytebuddy/byte-buddy-agent/1.8.12/byte-buddy-agent-1.8.12.jar:/Users/jasiellp/.m2/repository/org/objenesis/objenesis/2.6/objenesis-2.6.jar:/Users/jasiellp/.m2/repository/org/hamcrest/hamcrest-core/1.3/hamcrest-core-1.3.jar:/Users/jasiellp/.m2/repository/org/hamcrest/hamcrest-library/1.3/hamcrest-library-1.3.jar:/Users/jasiellp/.m2/repository/org/skyscreamer/jsonassert/1.5.0/jsonassert-1.5.0.jar:/Users/jasiellp/.m2/repository/com/vaadin/external/google/android-json/0.0.20131108.vaadin1/android-json-0.0.20131108.vaadin1.jar:/Users/jasiellp/.m2/repository/org/springframework/spring-core/5.1.0.BUILD-SNAPSHOT/spring-core-5.1.0.BUILD-SNAPSHOT.jar:/Users/jasiellp/.m2/repository/org/springframework/spring-jcl/5.1.0.BUILD-SNAPSHOT/spring-jcl-5.1.0.BUILD-SNAPSHOT.jar:/Users/jasiellp/.m2/repository/org/springframework/spring-test/5.1.0.BUILD-SNAPSHOT/spring-test-5.1.0.BUILD-SNAPSHOT.jar:/Users/jasiellp/.m2/repository/org/xmlunit/xmlunit-core/2.6.0/xmlunit-core-2.6.0.jar:"/>
    <property name="sun.cpu.endian" value="little"/>
    <property name="user.home" value="/Users/jasiellp"/>
    <property name="user.language" value="pt"/>
    <property name="java.specification.vendor" value="Oracle Corporation"/>
    <property name="java.home" value="/Library/Java/JavaVirtualMachines/jdk1.8.0_161.jdk/Contents/Home/jre"/>
    <property name="basedir" value="/Volumes/Secundario-HD/W-findur/mtm-comercio-services"/>
    <property name="file.separator" value="/"/>
    <property name="line.separator" value="&#10;"/>
    <property name="java.vm.specification.vendor" value="Oracle Corporation"/>
    <property name="java.specification.name" value="Java Platform API Specification"/>
    <property name="java.awt.graphicsenv" value="sun.awt.CGraphicsEnvironment"/>
    <property name="surefire.real.class.path" value="/Volumes/Secundario-HD/W-findur/mtm-comercio-services/target/surefire/surefirebooter1244336769460890926.jar"/>
    <property name="sun.boot.class.path" value="/Library/Java/JavaVirtualMachines/jdk1.8.0_161.jdk/Contents/Home/jre/lib/resources.jar:/Library/Java/JavaVirtualMachines/jdk1.8.0_161.jdk/Contents/Home/jre/lib/rt.jar:/Library/Java/JavaVirtualMachines/jdk1.8.0_161.jdk/Contents/Home/jre/lib/sunrsasign.jar:/Library/Java/JavaVirtualMachines/jdk1.8.0_161.jdk/Contents/Home/jre/lib/jsse.jar:/Library/Java/JavaVirtualMachines/jdk1.8.0_161.jdk/Contents/Home/jre/lib/jce.jar:/Library/Java/JavaVirtualMachines/jdk1.8.0_161.jdk/Contents/Home/jre/lib/charsets.jar:/Library/Java/JavaVirtualMachines/jdk1.8.0_161.jdk/Contents/Home/jre/lib/jfr.jar:/Library/Java/JavaVirtualMachines/jdk1.8.0_161.jdk/Contents/Home/jre/classes"/>
    <property name="sun.management.compiler" value="HotSpot 64-Bit Tiered Compilers"/>
    <property name="ftp.nonProxyHosts" value="local|*.local|169.254/16|*.169.254/16"/>
    <property name="java.runtime.version" value="1.8.0_161-b12"/>
    <property name="user.name" value="jasiellp"/>
    <property name="path.separator" value=":"/>
    <property name="os.version" value="10.13.5"/>
    <property name="java.endorsed.dirs" value="/Library/Java/JavaVirtualMachines/jdk1.8.0_161.jdk/Contents/Home/jre/lib/endorsed"/>
    <property name="java.runtime.name" value="Java(TM) SE Runtime Environment"/>
    <property name="file.encoding" value="UTF-8"/>
    <property name="java.vm.name" value="Java HotSpot(TM) 64-Bit Server VM"/>
    <property name="localRepository" value="/Users/jasiellp/.m2/repository"/>
    <property name="java.vendor.url.bug" value="http://bugreport.sun.com/bugreport/"/>
    <property name="java.io.tmpdir" value="/var/folders/hq/hwbv91vx6h5841pmm9khzndm0000gn/T/"/>
    <property name="java.version" value="1.8.0_161"/>
    <property name="user.dir" value="/Volumes/Secundario-HD/W-findur/mtm-comercio-services"/>
    <property name="os.arch" value="x86_64"/>
    <property name="java.vm.specification.name" value="Java Virtual Machine Specification"/>
    <property name="java.awt.printerjob" value="sun.lwawt.macosx.CPrinterJob"/>
    <property name="sun.os.patch.level" value="unknown"/>
    <property name="java.library.path" value="/Users/jasiellp/Library/Java/Extensions:/Library/Java/Extensions:/Network/Library/Java/Extensions:/System/Library/Java/Extensions:/usr/lib/java:."/>
    <property name="java.vm.info" value="mixed mode"/>
    <property name="java.vendor" value="Oracle Corporation"/>
    <property name="java.vm.version" value="25.161-b12"/>
    <property name="java.ext.dirs" value="/Users/jasiellp/Library/Java/Extensions:/Library/Java/JavaVirtualMachines/jdk1.8.0_161.jdk/Contents/Home/jre/lib/ext:/Library/Java/Extensions:/Network/Library/Java/Extensions:/System/Library/Java/Extensions:/usr/lib/java"/>
    <property name="sun.io.unicode.encoding" value="UnicodeBig"/>
    <property name="java.class.version" value="52.0"/>
    <property name="socksNonProxyHosts" value="local|*.local|169.254/16|*.169.254/16"/>
  </properties>
  <testcase name="contextLoads" classname="com.mtm.olx.MtmComercioServicesApplicationTests" time="0.536"/>
</testsuite>